<?xml version="1.0" encoding="UTF-8"?>
<!-- Generated by org.testng.reporters.JUnitXMLReporter -->
<testsuite hostname="ADMIN" name="Default test" tests="4" failures="0" timestamp="12 Jan 2016 07:45:27 GMT" time="0.03" errors="0">
  <testcase name="@BeforeTest launchBrowser" time="0.0" classname="mainScript.ScriptPOM">
    <failure type="org.testng.TestNGException" message="
Parameter &amp;apos;browser&amp;apos; is required by @Configuration on method launchBrowser but has not been marked @Optional or defined
in C:\Users\DACKTOP\AppData\Local\Temp\testng-eclipse--1042939738\testng-customsuite.xml">
      <![CDATA[org.testng.TestNGException: 
Parameter 'browser' is required by @Configuration on method launchBrowser but has not been marked @Optional or defined
in C:\Users\DACKTOP\AppData\Local\Temp\testng-eclipse--1042939738\testng-customsuite.xml
	at org.testng.internal.Parameters.createParameters(Parameters.java:155)
	at org.testng.internal.Parameters.createParameters(Parameters.java:358)
	at org.testng.internal.Parameters.createConfigurationParameters(Parameters.java:86)
	at org.testng.internal.Invoker.invokeConfigurations(Invoker.java:199)
	at org.testng.internal.Invoker.invokeConfigurations(Invoker.java:138)
	at org.testng.TestRunner.beforeRun(TestRunner.java:641)
	at org.testng.TestRunner.run(TestRunner.java:609)
	at org.testng.SuiteRunner.runTest(SuiteRunner.java:334)
	at org.testng.SuiteRunner.runSequentially(SuiteRunner.java:329)
	at org.testng.SuiteRunner.privateRun(SuiteRunner.java:291)
	at org.testng.SuiteRunner.run(SuiteRunner.java:240)
	at org.testng.SuiteRunnerWorker.runSuite(SuiteRunnerWorker.java:52)
	at org.testng.SuiteRunnerWorker.run(SuiteRunnerWorker.java:86)
	at org.testng.TestNG.runSuitesSequentially(TestNG.java:1224)
	at org.testng.TestNG.runSuitesLocally(TestNG.java:1149)
	at org.testng.TestNG.run(TestNG.java:1057)
	at org.testng.remote.RemoteTestNG.run(RemoteTestNG.java:111)
	at org.testng.remote.RemoteTestNG.initAndRun(RemoteTestNG.java:204)
	at org.testng.remote.RemoteTestNG.main(RemoteTestNG.java:175)
]]>
    </failure>
  </testcase> <!-- @BeforeTest launchBrowser -->
  <testcase name="@AfterTest closeBrowser" time="0.0" classname="mainScript.ScriptPOM">
    <skipped/>
  </testcase> <!-- @AfterTest closeBrowser -->
  <testcase name="homePage" time="0.003" classname="mainScript.ScriptPOM">
    <skipped/>
  </testcase> <!-- homePage -->
  <testcase name="signUp" time="0.0" classname="mainScript.ScriptPOM">
    <skipped/>
  </testcase> <!-- signUp -->
  <testcase name="findFlights" time="0.001" classname="mainScript.ScriptPOM">
    <skipped/>
  </testcase> <!-- findFlights -->
  <testcase name="paymentPage" time="0.001" classname="mainScript.ScriptPOM">
    <skipped/>
  </testcase> <!-- paymentPage -->
</testsuite> <!-- Default test -->
